
Showing logs for build [32mcb-kubecd-bdd-gh-1585737835-pr-9ldpd-1[0m stage [32mfrom-build-pack[0m and container [32mstep-credential-initializer-75hnf[0m
{"level":"warn","ts":1585738981.7090096,"logger":"fallback-logger","caller":"logging/config.go:69","msg":"Fetch GitHub commit ID from kodata failed: \"ref: refs/heads/0.8.0-**-support-backwards-incompats\" is not a valid GitHub commit ID"}
{"level":"info","ts":1585738981.709632,"logger":"fallback-logger","caller":"creds-init/main.go:40","msg":"Credentials initialized."}

Showing logs for build [32mcb-kubecd-bdd-gh-1585737835-pr-9ldpd-1[0m stage [32mfrom-build-pack[0m and container [32mstep-working-dir-initializer-fzg8j[0m
{"level":"warn","ts":1585738982.3013113,"logger":"fallback-logger","caller":"logging/config.go:69","msg":"Fetch GitHub commit ID from kodata failed: open /var/run/ko/HEAD: no such file or directory"}
{"level":"info","ts":1585738982.3037493,"logger":"fallback-logger","caller":"bash/main.go:64","msg":"Successfully executed command \"sh -c mkdir -p /workspace/source\"; output "}

Showing logs for build [32mcb-kubecd-bdd-gh-1585737835-pr-9ldpd-1[0m stage [32mfrom-build-pack[0m and container [32mstep-place-tools[0m

Showing logs for build [32mcb-kubecd-bdd-gh-1585737835-pr-9ldpd-1[0m stage [32mfrom-build-pack[0m and container [32mstep-git-source-cb-kubecd-bdd-gh-1585737835-pr-9ldpd-gg22z[0m
{"level":"warn","ts":1585738988.4584055,"logger":"fallback-logger","caller":"logging/config.go:69","msg":"Fetch GitHub commit ID from kodata failed: \"ref: refs/heads/0.8.0-**-support-backwards-incompats\" is not a valid GitHub commit ID"}
{"level":"info","ts":1585738989.6020355,"logger":"fallback-logger","caller":"git/git.go:103","msg":"Successfully cloned https://github.com/cb-kubecd/bdd-gh-1585737835.git @ master in path /workspace/source"}

Showing logs for build [32mcb-kubecd-bdd-gh-1585737835-pr-9ldpd-1[0m stage [32mfrom-build-pack[0m and container [32mstep-git-merge[0m
Using SHAs from PULL_REFS=master:356bb97087a12e5f3c0a1191e614402f948a90ca,1:81682c0d895ff7d9f5d29425e8895d58ea72765a
DEBUG: LC_ALL=C JX_LOG_LEVEL=error git fetch origin --unshallow 81682c0d895ff7d9f5d29425e8895d58ea72765a: 356bb97087a12e5f3c0a1191e614402f948a90ca:
DEBUG: ran git fetch --unshallow origin 81682c0d895ff7d9f5d29425e8895d58ea72765a: 356bb97087a12e5f3c0a1191e614402f948a90ca: in 
DEBUG: LC_ALL=C JX_LOG_LEVEL=error git branch
DEBUG: LC_ALL=C JX_LOG_LEVEL=error git checkout master
DEBUG: ran git checkout master in 
DEBUG: LC_ALL=C JX_LOG_LEVEL=error git reset --hard 356bb97087a12e5f3c0a1191e614402f948a90ca
DEBUG: ran git reset --hard 356bb97087a12e5f3c0a1191e614402f948a90ca in 
DEBUG: LC_ALL=C JX_LOG_LEVEL=error git clean -fd .
DEBUG: ran clean --force -d . in 
DEBUG: LC_ALL=C JX_LOG_LEVEL=error git merge 81682c0d895ff7d9f5d29425e8895d58ea72765a
DEBUG: ran git merge 81682c0d895ff7d9f5d29425e8895d58ea72765a in 
DEBUG: LC_ALL=C JX_LOG_LEVEL=error git log --format=%H%x1f%an%x1f%ae%x1f%cn%x1f%ce%x1f%s%n%b%x1e 356bb97087a12e5f3c0a1191e614402f948a90ca..HEAD
Merged SHA 81682c0d895ff7d9f5d29425e8895d58ea72765a with commit message 'My first PR commit' into base branch master

Showing logs for build [32mcb-kubecd-bdd-gh-1585737835-pr-9ldpd-1[0m stage [32mfrom-build-pack[0m and container [32mstep-build-make-linux[0m
CGO_ENABLED=0 GOOS=linux GOARCH=amd64 GO15VENDOREXPERIMENT=1 go build -ldflags '' -o bin/bdd-gh-1585737835 main.go

Showing logs for build [32mcb-kubecd-bdd-gh-1585737835-pr-9ldpd-1[0m stage [32mfrom-build-pack[0m and container [32mstep-build-container-build[0m
[36mINFO[0m[0000] No base image, nothing to extract            
[36mINFO[0m[0000] cmd: EXPOSE                                  
[36mINFO[0m[0000] Adding exposed port: 8080/tcp                
[36mINFO[0m[0000] Using files from context: [/workspace/source/bin] 
[36mINFO[0m[0000] Skipping unpacking as no commands require it. 
[36mINFO[0m[0000] Taking snapshot of full filesystem...        
[36mINFO[0m[0000] EXPOSE 8080                                  
[36mINFO[0m[0000] cmd: EXPOSE                                  
[36mINFO[0m[0000] Adding exposed port: 8080/tcp                
[36mINFO[0m[0000] No files changed in this command, skipping snapshotting. 
[36mINFO[0m[0000] ENTRYPOINT ["/bdd-gh-1585737835"]            
[36mINFO[0m[0000] No files changed in this command, skipping snapshotting. 
[36mINFO[0m[0000] Using files from context: [/workspace/source/bin] 
[36mINFO[0m[0000] COPY ./bin/ /                                
[36mINFO[0m[0000] Taking snapshot of files...                  
2020/04/01 11:03:26 pushed blob: sha256:ec3981a0b8a784957af3e44c959923cf883e8895f66ab1080eb2e2bad8130ad5
2020/04/01 11:03:27 pushed blob: sha256:d921606f92b35498cb11b70507d41b1f2d23e9fda991730cd702fe56a67de2e1
2020/04/01 11:03:28 gcr.io/jenkins-x-bdd3/bdd-gh-1585737835:0.0.0-SNAPSHOT-PR-1-1: digest: sha256:20b7e2d6a6e2b862137fbf640942d8ca71906db1942d37fed1392c08701250c4 size: 428

Showing logs for build [32mcb-kubecd-bdd-gh-1585737835-pr-9ldpd-1[0m stage [32mfrom-build-pack[0m and container [32mstep-postbuild-post-build[0m
no CVE provider running in the current ** namespace so skip adding image to be analysed

Showing logs for build [32mcb-kubecd-bdd-gh-1585737835-pr-9ldpd-1[0m stage [32mfrom-build-pack[0m and container [32mstep-promote-make-preview[0m
sed -i -e "s/version:.*/version: 0.0.0-SNAPSHOT-PR-1-1/" Chart.yaml
sed -i -e "s/version:.*/version: 0.0.0-SNAPSHOT-PR-1-1/" ../*/Chart.yaml
sed -i -e "s|repository:.*|repository: gcr.io\/jenkins-x-bdd3\/bdd-gh-1585737835|" values.yaml
sed -i -e "s/tag:.*/tag: 0.0.0-SNAPSHOT-PR-1-1/" values.yaml
echo "  version: 0.0.0-SNAPSHOT-PR-1-1" >> requirements.yaml
** step helm build
WARNING: No $CHART_REPOSITORY defined so using the default value of: http://jenkins-x-chartmuseum:8080
Adding missing Helm repo: storage.googleapis.com https://storage.googleapis.com/chartmuseum.jenkins-x.io
WARNING: No secrets found on "helm/repos" due: reading the secret "helm/repos" from vault: no secret "helm/repos" not found in vault
Read credentials for https://storage.googleapis.com/chartmuseum.jenkins-x.io from vault helm/repos
Successfully added Helm repository storage.googleapis.com.
Adding missing Helm repo: jenkins-x-chartmuseum http://jenkins-x-chartmuseum:8080
WARNING: No secrets found on "helm/repos" due: reading the secret "helm/repos" from vault: no secret "helm/repos" not found in vault
Read credentials for http://jenkins-x-chartmuseum:8080 from vault helm/repos
Successfully added Helm repository jenkins-x-chartmuseum.
WARNING: No $CHART_REPOSITORY defined so using the default value of: http://jenkins-x-chartmuseum:8080
Adding missing Helm repo: chartmuseum.jenkins-x.io http://chartmuseum.jenkins-x.io
WARNING: No secrets found on "helm/repos" due: reading the secret "helm/repos" from vault: no secret "helm/repos" not found in vault
Read credentials for http://chartmuseum.jenkins-x.io from vault helm/repos
Successfully added Helm repository chartmuseum.jenkins-x.io.

Showing logs for build [32mcb-kubecd-bdd-gh-1585737835-pr-9ldpd-1[0m stage [32mfrom-build-pack[0m and container [32mstep-promote-jx-preview[0m
Creating a preview
Created environment cb-kubecd-bdd-gh-1585737835-pr-1
Namespace **-cb-kubecd-bdd-gh-1585737835-pr-1 created 
expose:
  Annotations:
    helm.sh/hook: post-install,post-upgrade
    helm.sh/hook-delete-policy: hook-succeeded
  config:
    domain: 104.199.27.4.nip.io
    exposer: Ingress
    http: "true"
preview:
  image:
    repository: gcr.io/jenkins-x-bdd3/bdd-gh-1585737835
    tag: 0.0.0-SNAPSHOT-PR-1-1

Updating PipelineActivities cb-kubecd-bdd-gh-1585737835-pr-1-1 which has status Running
WARNING: preview application http://bdd-gh-1585737835.**-cb-kubecd-bdd-gh-1585737835-pr-1.104.199.27.4.nip.io not available, error was 503 503 Service Temporarily Unavailable, delaying for: 1.089834185s
WARNING: preview application http://bdd-gh-1585737835.**-cb-kubecd-bdd-gh-1585737835-pr-1.104.199.27.4.nip.io not available, error was 503 503 Service Temporarily Unavailable, delaying for: 2.067017638s
Preview application is now available at: http://bdd-gh-1585737835.**-cb-kubecd-bdd-gh-1585737835-pr-1.104.199.27.4.nip.io
